INFO: [SIM 2] *************** CSIM start ***************
INFO: [SIM 4] CSIM will launch GCC as the compiler.
   Compiling ../../../sc_NN.cpp in debug mode
   Generating csim.exe
INFO: Simulating 
n = 1
U0 = 0
U1 = 0
U2 = 0
t0 = 0
t1 = 0
t2 = 0
t3 = 0
x0 = 0
x1 = 0
x2 = 0
x3 = 0
y0  = 0
y1  = 0
***************************************************
n = 2
U0 = 0
U1 = 0
U2 = 0
t0 = 0
t1 = 0
t2 = 0
t3 = 0
x0 = 0
x1 = 0
x2 = 0
x3 = 0
y0  = 0
y1  = 0
***************************************************
                Time                  U0                  U1                  U2                  Y0
                  Y1
-----RESET-----
n = 3
U0 = 0
U1 = 0
U2 = 0
t0 = 0
t1 = 0
t2 = 0
t3 = 0
x0 = 0
x1 = 0
x2 = 0
x3 = 0
y0  = 0
y1  = 0
***************************************************
-----RESET-----
n = 4
U0 = 0
U1 = 0
U2 = 0
t0 = 0
t1 = 0
t2 = 0
t3 = 0
x0 = 0
x1 = 0
x2 = 0
x3 = 0
y0  = 0
y1  = 0
***************************************************
-----RESET-----
CRITICAL WARNING: [SIM 100] CSim failed with errors.
INFO: [SIM 3] *************** CSIM finish ***************
