INFO: [SIM 2] *************** CSIM start ***************
INFO: [SIM 4] CSIM will launch GCC as the compiler.
   Compiling ../../../sc_NN.cpp in debug mode
   Generating csim.exe
INFO: Simulating 
n = 1
U0 = 0
U1 = 0
U2 = 0
t0 = 0
t1 = 0
t2 = 0
t3 = 0
x0 = 0
x1 = 0
x2 = 0
x3 = 0
y0  = 0
y1  = 0
***************************************************
n = 2
U0 = 0
U1 = 0
U2 = 0
t0 = 0
t1 = 0
t2 = 0
t3 = 0
x0 = 0
x1 = 0
x2 = 0
x3 = 0
y0  = 0
y1  = 0
***************************************************
                Time                  U0                  U1                  U2                  Y0
                  Y1
-----RESET-----
n = 3
U0 = 0
U1 = 0
U2 = 0
t0 = 0
t1 = 0
t2 = 0
t3 = 0
x0 = 0
x1 = 0
x2 = 0
x3 = 0
y0  = 0
y1  = 0
***************************************************
-----RESET-----
n = 0
U0 = 0
U1 = 0
U2 = 0
t0 = 0
t1 = 0
t2 = 0
t3 = 0
x0 = 0
x1 = 0
x2 = 0
x3 = 0
y0  = 0
y1  = 0
***************************************************
-----RESET-----
n = 1
U0 = 0
U1 = 0
U2 = 0
t0 = 0
t1 = 0
t2 = 0
t3 = 0
x0 = 0
x1 = 0
x2 = 0
x3 = 0
y0  = 0
y1  = 0
***************************************************
-----RESET-----
n = 2
U0 = 0
U1 = 0
U2 = 0
t0 = 0
t1 = 0
t2 = 0
t3 = 0
x0 = 0
x1 = 0
x2 = 0
x3 = 0
y0  = 0
y1  = 0
***************************************************
-----RESET-----
n = 3
U0 = 0
U1 = 0
U2 = 0
t0 = 0
t1 = 0
t2 = 0
t3 = 0
x0 = 0
x1 = 0
x2 = 0
x3 = 0
y0  = 0
y1  = 0
***************************************************
-----RESET-----
n = 0
U0 = 0
U1 = 0
U2 = 0
t0 = 0
t1 = 0
t2 = 0
t3 = 0
x0 = 0
x1 = 0
x2 = 0
x3 = 0
y0  = 0
y1  = 0
***************************************************
-----RESET-----
n = 1
U0 = 0
U1 = 0
U2 = 0
t0 = 0
t1 = 0
t2 = 0
t3 = 0
x0 = 0
x1 = 0
x2 = 0
x3 = 0
y0  = 0
y1  = 0
***************************************************
-----RESET-----
n = 2
U0 = 0
U1 = 0
U2 = 0
t0 = 0
t1 = 0
t2 = 0
t3 = 0
x0 = 0
x1 = 0
x2 = 0
x3 = 0
y0  = 0
y1  = 0
***************************************************
-----RESET-----
n = 3
U0 = 0
U1 = 0
U2 = 0
t0 = 0
t1 = 0
t2 = 0
t3 = 0
x0 = 0
x1 = 0
x2 = 0
x3 = 0
y0  = 0
y1  = 0
***************************************************
-----RESET-----
n = 0
U0 = 0
U1 = 0
U2 = 0
t0 = 0
t1 = 0
t2 = 0
t3 = 0
x0 = 0
x1 = 0
x2 = 0
x3 = 0
y0  = 0
y1  = 0
***************************************************
-----RESET-----
n = 1
U0 = .149169921875
U1 = .25732421875
U2 = .840576171875
t0 = 0
t1 = 0
t2 = 0
t3 = 0
x0 = 0
x1 = 0
x2 = 0
x3 = 0
y0  = 0
y1  = 0
***************************************************
File Open  : 110 ns
              110 ns       .149169921875        .25732421875       .840576171875                   0                   0
n = 2
U0 = 0
U1 = 0
U2 = 0
t0 = 23.394775390625
t1 = 22.5361328125
t2 = 26.4189453125
t3 = 17.229736328125
x0 = 1.0888671875
x1 = .97119140625
x2 = .222900390625
x3 = 1.092529296875
y0  = 9.711181640625
y1  = 10.875244140625
***************************************************
              120 ns                   0                   0                   0      9.711181640625     10.875244140625
n = 3
U0 = 0
U1 = 0
U2 = 0
t0 = 20.654052734375
t1 = 9.1572265625
t2 = 25.182373046875
t3 = 16.844482421875
x0 = .999755859375
x1 = .999755859375
x2 = .999755859375
x3 = .999755859375
y0  = 11.0537109375
y1  = 12.676513671875
***************************************************
              130 ns                   0                   0                   0       11.0537109375     12.676513671875
n = 0
U0 = 0
U1 = 0
U2 = 0
t0 = 25.102294921875
t1 = 17.467529296875
t2 = 14.25390625
t3 = 20.474365234375
x0 = .999755859375
x1 = .99951171875
x2 = .999755859375
x3 = .999755859375
y0  = 11.053466796875
y1  = 12.67529296875
***************************************************
              140 ns                   0                   0                   0     11.053466796875      12.67529296875
n = 1
U0 = 0
U1 = 0
U2 = 0
t0 = 0
t1 = 0
t2 = 0
t3 = 0
x0 = .999755859375
x1 = .999755859375
x2 = .999755859375
x3 = .999755859375
y0  = 11.0537109375
y1  = 12.676513671875
***************************************************
              150 ns                   0                   0                   0       11.0537109375     12.676513671875
n = 2
U0 = 0
U1 = 0
U2 = 0
t0 = 0
t1 = 0
t2 = 0
t3 = 0
x0 = 0
x1 = 0
x2 = 0
x3 = 0
y0  = 0
y1  = 0
***************************************************
              160 ns                   0                   0                   0                   0                   0
n = 3
U0 = 0
U1 = 0
U2 = 0
t0 = 0
t1 = 0
t2 = 0
t3 = 0
x0 = 0
x1 = 0
x2 = 0
x3 = 0
y0  = 0
y1  = 0
***************************************************
              170 ns                   0                   0                   0                   0                   0
n = 0
U0 = 0
U1 = 0
U2 = 0
t0 = 0
t1 = 0
t2 = 0
t3 = 0
x0 = 0
x1 = 0
x2 = 0
x3 = 0
y0  = 0
y1  = 0
***************************************************
              180 ns                   0                   0                   0                   0                   0
n = 1
U0 = 0
U1 = 0
U2 = 0
t0 = 0
t1 = 0
t2 = 0
t3 = 0
x0 = 0
x1 = 0
x2 = 0
x3 = 0
y0  = 0
y1  = 0
***************************************************
              190 ns                   0                   0                   0                   0                   0
n = 2
U0 = 0
U1 = 0
U2 = 0
t0 = 0
t1 = 0
t2 = 0
t3 = 0
x0 = 0
x1 = 0
x2 = 0
x3 = 0
y0  = 0
y1  = 0
***************************************************
              200 ns                   0                   0                   0                   0                   0
n = 3
U0 = 0
U1 = 0
U2 = 0
t0 = 0
t1 = 0
t2 = 0
t3 = 0
x0 = 0
x1 = 0
x2 = 0
x3 = 0
y0  = 0
y1  = 0
***************************************************
              210 ns                   0                   0                   0                   0                   0
n = 0
U0 = 0
U1 = 0
U2 = 0
t0 = 0
t1 = 0
t2 = 0
t3 = 0
x0 = 0
x1 = 0
x2 = 0
x3 = 0
y0  = 0
y1  = 0
***************************************************
              220 ns                   0                   0                   0                   0                   0
n = 1
U0 = 0
U1 = 0
U2 = 0
t0 = 0
t1 = 0
t2 = 0
t3 = 0
x0 = 0
x1 = 0
x2 = 0
x3 = 0
y0  = 0
y1  = 0
***************************************************
              230 ns                   0                   0                   0                   0                   0
n = 2
U0 = 0
U1 = 0
U2 = 0
t0 = 0
t1 = 0
t2 = 0
t3 = 0
x0 = 0
x1 = 0
x2 = 0
x3 = 0
y0  = 0
y1  = 0
***************************************************
              240 ns                   0                   0                   0                   0                   0
n = 3
U0 = 0
U1 = 0
U2 = 0
t0 = 0
t1 = 0
t2 = 0
t3 = 0
x0 = 0
x1 = 0
x2 = 0
x3 = 0
y0  = 0
y1  = 0
***************************************************
              250 ns                   0                   0                   0                   0                   0
n = 0
U0 = 0
U1 = 0
U2 = 0
t0 = 0
t1 = 0
t2 = 0
t3 = 0
x0 = 0
x1 = 0
x2 = 0
x3 = 0
y0  = 0
y1  = 0
***************************************************
              260 ns                   0                   0                   0                   0                   0
n = 1
U0 = 0
U1 = 0
U2 = 0
t0 = 0
t1 = 0
t2 = 0
t3 = 0
x0 = 0
x1 = 0
x2 = 0
x3 = 0
y0  = 0
y1  = 0
***************************************************
              270 ns                   0                   0                   0                   0                   0
n = 2
U0 = 0
U1 = 0
U2 = 0
t0 = 0
t1 = 0
t2 = 0
t3 = 0
x0 = 0
x1 = 0
x2 = 0
x3 = 0
y0  = 0
y1  = 0
***************************************************
              280 ns                   0                   0                   0                   0                   0
n = 3
U0 = 0
U1 = 0
U2 = 0
t0 = 0
t1 = 0
t2 = 0
t3 = 0
x0 = 0
x1 = 0
x2 = 0
x3 = 0
y0  = 0
y1  = 0
***************************************************
              290 ns                   0                   0                   0                   0                   0
n = 0
U0 = 0
U1 = 0
U2 = 0
t0 = 0
t1 = 0
t2 = 0
t3 = 0
x0 = 0
x1 = 0
x2 = 0
x3 = 0
y0  = 0
y1  = 0
***************************************************
              300 ns                   0                   0                   0                   0                   0
n = 1
U0 = 0
U1 = 0
U2 = 0
t0 = 0
t1 = 0
t2 = 0
t3 = 0
x0 = 0
x1 = 0
x2 = 0
x3 = 0
y0  = 0
y1  = 0
***************************************************
              310 ns                   0                   0                   0                   0                   0
n = 2
U0 = 0
U1 = 0
U2 = 0
t0 = 0
t1 = 0
t2 = 0
t3 = 0
x0 = 0
x1 = 0
x2 = 0
x3 = 0
y0  = 0
y1  = 0
***************************************************
              320 ns                   0                   0                   0                   0                   0
n = 3
U0 = 0
U1 = 0
U2 = 0
t0 = 0
t1 = 0
t2 = 0
t3 = 0
x0 = 0
x1 = 0
x2 = 0
x3 = 0
y0  = 0
y1  = 0
***************************************************
              330 ns                   0                   0                   0                   0                   0
n = 0
U0 = 0
U1 = 0
U2 = 0
t0 = 0
t1 = 0
t2 = 0
t3 = 0
x0 = 0
x1 = 0
x2 = 0
x3 = 0
y0  = 0
y1  = 0
***************************************************
              340 ns                   0                   0                   0                   0                   0
n = 1
U0 = 0
U1 = 0
U2 = 0
t0 = 0
t1 = 0
t2 = 0
t3 = 0
x0 = 0
x1 = 0
x2 = 0
x3 = 0
y0  = 0
y1  = 0
***************************************************
              350 ns                   0                   0                   0                   0                   0
n = 2
U0 = 0
U1 = 0
U2 = 0
t0 = 0
t1 = 0
t2 = 0
t3 = 0
x0 = 0
x1 = 0
x2 = 0
x3 = 0
y0  = 0
y1  = 0
***************************************************
              360 ns                   0                   0                   0                   0                   0
n = 3
U0 = 0
U1 = 0
U2 = 0
t0 = 0
t1 = 0
t2 = 0
t3 = 0
x0 = 0
x1 = 0
x2 = 0
x3 = 0
y0  = 0
y1  = 0
***************************************************
              370 ns                   0                   0                   0                   0                   0
n = 0
U0 = 0
U1 = 0
U2 = 0
t0 = 0
t1 = 0
t2 = 0
t3 = 0
x0 = 0
x1 = 0
x2 = 0
x3 = 0
y0  = 0
y1  = 0
***************************************************
              380 ns                   0                   0                   0                   0                   0
n = 1
U0 = 0
U1 = 0
U2 = 0
t0 = 0
t1 = 0
t2 = 0
t3 = 0
x0 = 0
x1 = 0
x2 = 0
x3 = 0
y0  = 0
y1  = 0
***************************************************
              390 ns                   0                   0                   0                   0                   0
n = 2
U0 = 0
U1 = 0
U2 = 0
t0 = 0
t1 = 0
t2 = 0
t3 = 0
x0 = 0
x1 = 0
x2 = 0
x3 = 0
y0  = 0
y1  = 0
***************************************************
              400 ns                   0                   0                   0                   0                   0
n = 3
U0 = 0
U1 = 0
U2 = 0
t0 = 0
t1 = 0
t2 = 0
t3 = 0
x0 = 0
x1 = 0
x2 = 0
x3 = 0
y0  = 0
y1  = 0
***************************************************
              410 ns                   0                   0                   0                   0                   0
n = 0
U0 = 0
U1 = 0
U2 = 0
t0 = 0
t1 = 0
t2 = 0
t3 = 0
x0 = 0
x1 = 0
x2 = 0
x3 = 0
y0  = 0
y1  = 0
***************************************************
              420 ns                   0                   0                   0                   0                   0
n = 1
U0 = 0
U1 = 0
U2 = 0
t0 = 0
t1 = 0
t2 = 0
t3 = 0
x0 = 0
x1 = 0
x2 = 0
x3 = 0
y0  = 0
y1  = 0
***************************************************
              430 ns                   0                   0                   0                   0                   0
n = 2
U0 = 0
U1 = 0
U2 = 0
t0 = 0
t1 = 0
t2 = 0
t3 = 0
x0 = 0
x1 = 0
x2 = 0
x3 = 0
y0  = 0
y1  = 0
***************************************************
              440 ns                   0                   0                   0                   0                   0
n = 3
U0 = 0
U1 = 0
U2 = 0
t0 = 0
t1 = 0
t2 = 0
t3 = 0
x0 = 0
x1 = 0
x2 = 0
x3 = 0
y0  = 0
y1  = 0
***************************************************
              450 ns                   0                   0                   0                   0                   0
n = 0
U0 = 0
U1 = 0
U2 = 0
t0 = 0
t1 = 0
t2 = 0
t3 = 0
x0 = 0
x1 = 0
x2 = 0
x3 = 0
y0  = 0
y1  = 0
***************************************************
              460 ns                   0                   0                   0                   0                   0
n = 1
U0 = 0
U1 = 0
U2 = 0
t0 = 0
t1 = 0
t2 = 0
t3 = 0
x0 = 0
x1 = 0
x2 = 0
x3 = 0
y0  = 0
y1  = 0
***************************************************
              470 ns                   0                   0                   0                   0                   0
n = 2
U0 = 0
U1 = 0
U2 = 0
t0 = 0
t1 = 0
t2 = 0
t3 = 0
x0 = 0
x1 = 0
x2 = 0
x3 = 0
y0  = 0
y1  = 0
***************************************************
              480 ns                   0                   0                   0                   0                   0
n = 3
U0 = 0
U1 = 0
U2 = 0
t0 = 0
t1 = 0
t2 = 0
t3 = 0
x0 = 0
x1 = 0
x2 = 0
x3 = 0
y0  = 0
y1  = 0
***************************************************
              490 ns                   0                   0                   0                   0                   0
n = 0
U0 = 0
U1 = 0
U2 = 0
t0 = 0
t1 = 0
t2 = 0
t3 = 0
x0 = 0
x1 = 0
x2 = 0
x3 = 0
y0  = 0
y1  = 0
***************************************************
              500 ns                   0                   0                   0                   0                   0
n = 1
U0 = 0
U1 = 0
U2 = 0
t0 = 0
t1 = 0
t2 = 0
t3 = 0
x0 = 0
x1 = 0
x2 = 0
x3 = 0
y0  = 0
y1  = 0
***************************************************
              510 ns                   0                   0                   0                   0                   0
n = 2
U0 = 0
U1 = 0
U2 = 0
t0 = 0
t1 = 0
t2 = 0
t3 = 0
x0 = 0
x1 = 0
x2 = 0
x3 = 0
y0  = 0
y1  = 0
***************************************************
              520 ns                   0                   0                   0                   0                   0
n = 3
U0 = 0
U1 = 0
U2 = 0
t0 = 0
t1 = 0
t2 = 0
t3 = 0
x0 = 0
x1 = 0
x2 = 0
x3 = 0
y0  = 0
y1  = 0
***************************************************
              530 ns                   0                   0                   0                   0                   0
n = 0
U0 = 0
U1 = 0
U2 = 0
t0 = 0
t1 = 0
t2 = 0
t3 = 0
x0 = 0
x1 = 0
x2 = 0
x3 = 0
y0  = 0
y1  = 0
***************************************************
              540 ns                   0                   0                   0                   0                   0
n = 1
U0 = 0
U1 = 0
U2 = 0
t0 = 0
t1 = 0
t2 = 0
t3 = 0
x0 = 0
x1 = 0
x2 = 0
x3 = 0
y0  = 0
y1  = 0
***************************************************
              550 ns                   0                   0                   0                   0                   0
n = 2
U0 = 0
U1 = 0
U2 = 0
t0 = 0
t1 = 0
t2 = 0
t3 = 0
x0 = 0
x1 = 0
x2 = 0
x3 = 0
y0  = 0
y1  = 0
***************************************************
              560 ns                   0                   0                   0                   0                   0
n = 3
U0 = 0
U1 = 0
U2 = 0
t0 = 0
t1 = 0
t2 = 0
t3 = 0
x0 = 0
x1 = 0
x2 = 0
x3 = 0
y0  = 0
y1  = 0
***************************************************
              570 ns                   0                   0                   0                   0                   0
n = 0
U0 = 0
U1 = 0
U2 = 0
t0 = 0
t1 = 0
t2 = 0
t3 = 0
x0 = 0
x1 = 0
x2 = 0
x3 = 0
y0  = 0
y1  = 0
***************************************************
              580 ns                   0                   0                   0                   0                   0
n = 1
U0 = 0
U1 = 0
U2 = 0
t0 = 0
t1 = 0
t2 = 0
t3 = 0
x0 = 0
x1 = 0
x2 = 0
x3 = 0
y0  = 0
y1  = 0
***************************************************
              590 ns                   0                   0                   0                   0                   0
n = 2
U0 = 0
U1 = 0
U2 = 0
t0 = 0
t1 = 0
t2 = 0
t3 = 0
x0 = 0
x1 = 0
x2 = 0
x3 = 0
y0  = 0
y1  = 0
***************************************************
              600 ns                   0                   0                   0                   0                   0
n = 3
U0 = 0
U1 = 0
U2 = 0
t0 = 0
t1 = 0
t2 = 0
t3 = 0
x0 = 0
x1 = 0
x2 = 0
x3 = 0
y0  = 0
y1  = 0
***************************************************
              610 ns                   0                   0                   0                   0                   0
n = 0
U0 = 0
U1 = 0
U2 = 0
t0 = 0
t1 = 0
t2 = 0
t3 = 0
x0 = 0
x1 = 0
x2 = 0
x3 = 0
y0  = 0
y1  = 0
***************************************************
              620 ns                   0                   0                   0                   0                   0
n = 1
U0 = 0
U1 = 0
U2 = 0
t0 = 0
t1 = 0
t2 = 0
t3 = 0
x0 = 0
x1 = 0
x2 = 0
x3 = 0
y0  = 0
y1  = 0
***************************************************
              630 ns                   0                   0                   0                   0                   0
n = 2
U0 = 0
U1 = 0
U2 = 0
t0 = 0
t1 = 0
t2 = 0
t3 = 0
x0 = 0
x1 = 0
x2 = 0
x3 = 0
y0  = 0
y1  = 0
***************************************************
              640 ns                   0                   0                   0                   0                   0
n = 3
U0 = 0
U1 = 0
U2 = 0
t0 = 0
t1 = 0
t2 = 0
t3 = 0
x0 = 0
x1 = 0
x2 = 0
x3 = 0
y0  = 0
y1  = 0
***************************************************
              650 ns                   0                   0                   0                   0                   0
n = 0
U0 = 0
U1 = 0
U2 = 0
t0 = 0
t1 = 0
t2 = 0
t3 = 0
x0 = 0
x1 = 0
x2 = 0
x3 = 0
y0  = 0
y1  = 0
***************************************************
              660 ns                   0                   0                   0                   0                   0
n = 1
U0 = 0
U1 = 0
U2 = 0
t0 = 0
t1 = 0
t2 = 0
t3 = 0
x0 = 0
x1 = 0
x2 = 0
x3 = 0
y0  = 0
y1  = 0
***************************************************
              670 ns                   0                   0                   0                   0                   0
n = 2
U0 = 0
U1 = 0
U2 = 0
t0 = 0
t1 = 0
t2 = 0
t3 = 0
x0 = 0
x1 = 0
x2 = 0
x3 = 0
y0  = 0
y1  = 0
***************************************************
              680 ns                   0                   0                   0                   0                   0
n = 3
U0 = 0
U1 = 0
U2 = 0
t0 = 0
t1 = 0
t2 = 0
t3 = 0
x0 = 0
x1 = 0
x2 = 0
x3 = 0
y0  = 0
y1  = 0
***************************************************
              690 ns                   0                   0                   0                   0                   0
n = 0
U0 = 0
U1 = 0
U2 = 0
t0 = 0
t1 = 0
t2 = 0
t3 = 0
x0 = 0
x1 = 0
x2 = 0
x3 = 0
y0  = 0
y1  = 0
***************************************************
              700 ns                   0                   0                   0                   0                   0
n = 1
U0 = 0
U1 = 0
U2 = 0
t0 = 0
t1 = 0
t2 = 0
t3 = 0
x0 = 0
x1 = 0
x2 = 0
x3 = 0
y0  = 0
y1  = 0
***************************************************
              710 ns                   0                   0                   0                   0                   0
n = 2
U0 = 0
U1 = 0
U2 = 0
t0 = 0
t1 = 0
t2 = 0
t3 = 0
x0 = 0
x1 = 0
x2 = 0
x3 = 0
y0  = 0
y1  = 0
***************************************************
              720 ns                   0                   0                   0                   0                   0
n = 3
U0 = 0
U1 = 0
U2 = 0
t0 = 0
t1 = 0
t2 = 0
t3 = 0
x0 = 0
x1 = 0
x2 = 0
x3 = 0
y0  = 0
y1  = 0
***************************************************
              730 ns                   0                   0                   0                   0                   0
n = 0
U0 = 0
U1 = 0
U2 = 0
t0 = 0
t1 = 0
t2 = 0
t3 = 0
x0 = 0
x1 = 0
x2 = 0
x3 = 0
y0  = 0
y1  = 0
***************************************************
              740 ns                   0                   0                   0                   0                   0
n = 1
U0 = 0
U1 = 0
U2 = 0
t0 = 0
t1 = 0
t2 = 0
t3 = 0
x0 = 0
x1 = 0
x2 = 0
x3 = 0
y0  = 0
y1  = 0
***************************************************
              750 ns                   0                   0                   0                   0                   0
n = 2
U0 = 0
U1 = 0
U2 = 0
t0 = 0
t1 = 0
t2 = 0
t3 = 0
x0 = 0
x1 = 0
x2 = 0
x3 = 0
y0  = 0
y1  = 0
***************************************************
              760 ns                   0                   0                   0                   0                   0
n = 3
U0 = 0
U1 = 0
U2 = 0
t0 = 0
t1 = 0
t2 = 0
t3 = 0
x0 = 0
x1 = 0
x2 = 0
x3 = 0
y0  = 0
y1  = 0
***************************************************
              770 ns                   0                   0                   0                   0                   0
n = 0
U0 = 0
U1 = 0
U2 = 0
t0 = 0
t1 = 0
t2 = 0
t3 = 0
x0 = 0
x1 = 0
x2 = 0
x3 = 0
y0  = 0
y1  = 0
***************************************************
              780 ns                   0                   0                   0                   0                   0
n = 1
U0 = 0
U1 = 0
U2 = 0
t0 = 0
t1 = 0
t2 = 0
t3 = 0
x0 = 0
x1 = 0
x2 = 0
x3 = 0
y0  = 0
y1  = 0
***************************************************
              790 ns                   0                   0                   0                   0                   0
n = 2
U0 = 0
U1 = 0
U2 = 0
t0 = 0
t1 = 0
t2 = 0
t3 = 0
x0 = 0
x1 = 0
x2 = 0
x3 = 0
y0  = 0
y1  = 0
***************************************************
              800 ns                   0                   0                   0                   0                   0
n = 3
U0 = 0
U1 = 0
U2 = 0
t0 = 0
t1 = 0
t2 = 0
t3 = 0
x0 = 0
x1 = 0
x2 = 0
x3 = 0
y0  = 0
y1  = 0
***************************************************
              810 ns                   0                   0                   0                   0                   0
n = 0
U0 = 0
U1 = 0
U2 = 0
t0 = 0
t1 = 0
t2 = 0
t3 = 0
x0 = 0
x1 = 0
x2 = 0
x3 = 0
y0  = 0
y1  = 0
***************************************************
              820 ns                   0                   0                   0                   0                   0
n = 1
U0 = 0
U1 = 0
U2 = 0
t0 = 0
t1 = 0
t2 = 0
t3 = 0
x0 = 0
x1 = 0
x2 = 0
x3 = 0
y0  = 0
y1  = 0
***************************************************
              830 ns                   0                   0                   0                   0                   0
n = 2
U0 = 0
U1 = 0
U2 = 0
t0 = 0
t1 = 0
t2 = 0
t3 = 0
x0 = 0
x1 = 0
x2 = 0
x3 = 0
y0  = 0
y1  = 0
***************************************************
              840 ns                   0                   0                   0                   0                   0
n = 3
U0 = 0
U1 = 0
U2 = 0
t0 = 0
t1 = 0
t2 = 0
t3 = 0
x0 = 0
x1 = 0
x2 = 0
x3 = 0
y0  = 0
y1  = 0
***************************************************
              850 ns                   0                   0                   0                   0                   0
n = 0
U0 = 0
U1 = 0
U2 = 0
t0 = 0
t1 = 0
t2 = 0
t3 = 0
x0 = 0
x1 = 0
x2 = 0
x3 = 0
y0  = 0
y1  = 0
***************************************************
              860 ns                   0                   0                   0                   0                   0
n = 1
U0 = 0
U1 = 0
U2 = 0
t0 = 0
t1 = 0
t2 = 0
t3 = 0
x0 = 0
x1 = 0
x2 = 0
x3 = 0
y0  = 0
y1  = 0
***************************************************
              870 ns                   0                   0                   0                   0                   0
n = 2
U0 = 0
U1 = 0
U2 = 0
t0 = 0
t1 = 0
t2 = 0
t3 = 0
x0 = 0
x1 = 0
x2 = 0
x3 = 0
y0  = 0
y1  = 0
***************************************************
              880 ns                   0                   0                   0                   0                   0
n = 3
U0 = 0
U1 = 0
U2 = 0
t0 = 0
t1 = 0
t2 = 0
t3 = 0
x0 = 0
x1 = 0
x2 = 0
x3 = 0
y0  = 0
y1  = 0
***************************************************
              890 ns                   0                   0                   0                   0                   0
n = 0
U0 = 0
U1 = 0
U2 = 0
t0 = 0
t1 = 0
t2 = 0
t3 = 0
x0 = 0
x1 = 0
x2 = 0
x3 = 0
y0  = 0
y1  = 0
***************************************************
              900 ns                   0                   0                   0                   0                   0
n = 1
U0 = 0
U1 = 0
U2 = 0
t0 = 0
t1 = 0
t2 = 0
t3 = 0
x0 = 0
x1 = 0
x2 = 0
x3 = 0
y0  = 0
y1  = 0
***************************************************
              910 ns                   0                   0                   0                   0                   0
n = 2
U0 = 0
U1 = 0
U2 = 0
t0 = 0
t1 = 0
t2 = 0
t3 = 0
x0 = 0
x1 = 0
x2 = 0
x3 = 0
y0  = 0
y1  = 0
***************************************************
              920 ns                   0                   0                   0                   0                   0
n = 3
U0 = 0
U1 = 0
U2 = 0
t0 = 0
t1 = 0
t2 = 0
t3 = 0
x0 = 0
x1 = 0
x2 = 0
x3 = 0
y0  = 0
y1  = 0
***************************************************
              930 ns                   0                   0                   0                   0                   0
n = 0
U0 = 0
U1 = 0
U2 = 0
t0 = 0
t1 = 0
t2 = 0
t3 = 0
x0 = 0
x1 = 0
x2 = 0
x3 = 0
y0  = 0
y1  = 0
***************************************************
              940 ns                   0                   0                   0                   0                   0
n = 1
U0 = 0
U1 = 0
U2 = 0
t0 = 0
t1 = 0
t2 = 0
t3 = 0
x0 = 0
x1 = 0
x2 = 0
x3 = 0
y0  = 0
y1  = 0
***************************************************
              950 ns                   0                   0                   0                   0                   0
n = 2
U0 = 0
U1 = 0
U2 = 0
t0 = 0
t1 = 0
t2 = 0
t3 = 0
x0 = 0
x1 = 0
x2 = 0
x3 = 0
y0  = 0
y1  = 0
***************************************************
              960 ns                   0                   0                   0                   0                   0
n = 3
U0 = 0
U1 = 0
U2 = 0
t0 = 0
t1 = 0
t2 = 0
t3 = 0
x0 = 0
x1 = 0
x2 = 0
x3 = 0
y0  = 0
y1  = 0
***************************************************
              970 ns                   0                   0                   0                   0                   0
n = 0
U0 = 0
U1 = 0
U2 = 0
t0 = 0
t1 = 0
t2 = 0
t3 = 0
x0 = 0
x1 = 0
x2 = 0
x3 = 0
y0  = 0
y1  = 0
***************************************************
              980 ns                   0                   0                   0                   0                   0
n = 1
U0 = 0
U1 = 0
U2 = 0
t0 = 0
t1 = 0
t2 = 0
t3 = 0
x0 = 0
x1 = 0
x2 = 0
x3 = 0
y0  = 0
y1  = 0
***************************************************
              990 ns                   0                   0                   0                   0                   0
n = 2
U0 = 0
U1 = 0
U2 = 0
t0 = 0
t1 = 0
t2 = 0
t3 = 0
x0 = 0
x1 = 0
x2 = 0
x3 = 0
y0  = 0
y1  = 0
***************************************************
                1 us                   0                   0                   0                   0                   0
n = 3
U0 = 0
U1 = 0
U2 = 0
t0 = 0
t1 = 0
t2 = 0
t3 = 0
x0 = 0
x1 = 0
x2 = 0
x3 = 0
y0  = 0
y1  = 0
***************************************************
             1010 ns                   0                   0                   0                   0                   0
n = 0
U0 = 0
U1 = 0
U2 = 0
t0 = 0
t1 = 0
t2 = 0
t3 = 0
x0 = 0
x1 = 0
x2 = 0
x3 = 0
y0  = 0
y1  = 0
***************************************************
             1020 ns                   0                   0                   0                   0                   0
n = 1
U0 = 0
U1 = 0
U2 = 0
t0 = 0
t1 = 0
t2 = 0
t3 = 0
x0 = 0
x1 = 0
x2 = 0
x3 = 0
y0  = 0
y1  = 0
***************************************************
             1030 ns                   0                   0                   0                   0                   0
n = 2
U0 = 0
U1 = 0
U2 = 0
t0 = 0
t1 = 0
t2 = 0
t3 = 0
x0 = 0
x1 = 0
x2 = 0
x3 = 0
y0  = 0
y1  = 0
***************************************************
             1040 ns                   0                   0                   0                   0                   0
n = 3
U0 = 0
U1 = 0
U2 = 0
t0 = 0
t1 = 0
t2 = 0
t3 = 0
x0 = 0
x1 = 0
x2 = 0
x3 = 0
y0  = 0
y1  = 0
***************************************************
             1050 ns                   0                   0                   0                   0                   0
n = 0
U0 = 0
U1 = 0
U2 = 0
t0 = 0
t1 = 0
t2 = 0
t3 = 0
x0 = 0
x1 = 0
x2 = 0
x3 = 0
y0  = 0
y1  = 0
***************************************************
             1060 ns                   0                   0                   0                   0                   0
n = 1
U0 = 0
U1 = 0
U2 = 0
t0 = 0
t1 = 0
t2 = 0
t3 = 0
x0 = 0
x1 = 0
x2 = 0
x3 = 0
y0  = 0
y1  = 0
***************************************************
             1070 ns                   0                   0                   0                   0                   0
n = 2
U0 = 0
U1 = 0
U2 = 0
t0 = 0
t1 = 0
t2 = 0
t3 = 0
x0 = 0
x1 = 0
x2 = 0
x3 = 0
y0  = 0
y1  = 0
***************************************************
             1080 ns                   0                   0                   0                   0                   0
n = 3
U0 = 0
U1 = 0
U2 = 0
t0 = 0
t1 = 0
t2 = 0
t3 = 0
x0 = 0
x1 = 0
x2 = 0
x3 = 0
y0  = 0
y1  = 0
***************************************************
             1090 ns                   0                   0                   0                   0                   0
n = 0
U0 = 0
U1 = 0
U2 = 0
t0 = 0
t1 = 0
t2 = 0
t3 = 0
x0 = 0
x1 = 0
x2 = 0
x3 = 0
y0  = 0
y1  = 0
***************************************************
             1100 ns                   0                   0                   0                   0                   0

Info: /OSCI/SystemC: Simulation stopped by user.
Test passed  !!!
INFO: [SIM 1] CSim done with 0 errors.
INFO: [SIM 3] *************** CSIM finish ***************
