INFO: [SIM 2] *************** CSIM start ***************
INFO: [SIM 4] CSIM will launch GCC as the compiler.
   Compiling ../../../sc_NN_test.cpp in debug mode
   Compiling ../../../sc_NN.cpp in debug mode
   Generating csim.exe
INFO: Simulating 
                Time                  U0                  U1                  U2                  Y0
                  Y1
-----RESET-----
-----RESET-----
-----RESET-----
-----RESET-----
-----RESET-----
-----RESET-----
-----RESET-----
-----RESET-----
-----RESET-----
File Open  : 90 ns
               90 ns       .149169921875        .25732421875       .840576171875                   0                   0
              100 ns                   0                   0                   0      9.711181640625     10.875244140625
              110 ns                   0                   0                   0       11.0537109375     12.676513671875
              120 ns                   0                   0                   0     11.053466796875      12.67529296875
              130 ns                   0                   0                   0       11.0537109375     12.676513671875
              140 ns                   0                   0                   0                   0                   0
              150 ns                   0                   0                   0                   0                   0
              160 ns                   0                   0                   0                   0                   0
              170 ns                   0                   0                   0                   0                   0
              180 ns                   0                   0                   0                   0                   0
              190 ns                   0                   0                   0                   0                   0
              200 ns                   0                   0                   0                   0                   0
              210 ns                   0                   0                   0                   0                   0
              220 ns                   0                   0                   0                   0                   0
              230 ns                   0                   0                   0                   0                   0
              240 ns                   0                   0                   0                   0                   0
              250 ns                   0                   0                   0                   0                   0
              260 ns                   0                   0                   0                   0                   0
              270 ns                   0                   0                   0                   0                   0
              280 ns                   0                   0                   0                   0                   0
              290 ns                   0                   0                   0                   0                   0
              300 ns                   0                   0                   0                   0                   0
              310 ns                   0                   0                   0                   0                   0
              320 ns                   0                   0                   0                   0                   0
              330 ns                   0                   0                   0                   0                   0
              340 ns                   0                   0                   0                   0                   0
              350 ns                   0                   0                   0                   0                   0
              360 ns                   0                   0                   0                   0                   0
              370 ns                   0                   0                   0                   0                   0
              380 ns                   0                   0                   0                   0                   0
              390 ns                   0                   0                   0                   0                   0
              400 ns                   0                   0                   0                   0                   0
              410 ns                   0                   0                   0                   0                   0
              420 ns                   0                   0                   0                   0                   0
              430 ns                   0                   0                   0                   0                   0
              440 ns                   0                   0                   0                   0                   0
              450 ns                   0                   0                   0                   0                   0
              460 ns                   0                   0                   0                   0                   0
              470 ns                   0                   0                   0                   0                   0
              480 ns                   0                   0                   0                   0                   0
              490 ns                   0                   0                   0                   0                   0
              500 ns                   0                   0                   0                   0                   0
              510 ns                   0                   0                   0                   0                   0
              520 ns                   0                   0                   0                   0                   0
              530 ns                   0                   0                   0                   0                   0
              540 ns                   0                   0                   0                   0                   0
              550 ns                   0                   0                   0                   0                   0
              560 ns                   0                   0                   0                   0                   0
              570 ns                   0                   0                   0                   0                   0
              580 ns                   0                   0                   0                   0                   0
              590 ns                   0                   0                   0                   0                   0
              600 ns                   0                   0                   0                   0                   0
              610 ns                   0                   0                   0                   0                   0
              620 ns                   0                   0                   0                   0                   0
              630 ns                   0                   0                   0                   0                   0
              640 ns                   0                   0                   0                   0                   0
              650 ns                   0                   0                   0                   0                   0
              660 ns                   0                   0                   0                   0                   0
              670 ns                   0                   0                   0                   0                   0
              680 ns                   0                   0                   0                   0                   0
              690 ns                   0                   0                   0                   0                   0
              700 ns                   0                   0                   0                   0                   0
              710 ns                   0                   0                   0                   0                   0
              720 ns                   0                   0                   0                   0                   0
              730 ns                   0                   0                   0                   0                   0
              740 ns                   0                   0                   0                   0                   0
              750 ns                   0                   0                   0                   0                   0
              760 ns                   0                   0                   0                   0                   0
              770 ns                   0                   0                   0                   0                   0
              780 ns                   0                   0                   0                   0                   0
              790 ns                   0                   0                   0                   0                   0
              800 ns                   0                   0                   0                   0                   0
              810 ns                   0                   0                   0                   0                   0
              820 ns                   0                   0                   0                   0                   0
              830 ns                   0                   0                   0                   0                   0
              840 ns                   0                   0                   0                   0                   0
              850 ns                   0                   0                   0                   0                   0
              860 ns                   0                   0                   0                   0                   0
              870 ns                   0                   0                   0                   0                   0
              880 ns                   0                   0                   0                   0                   0
              890 ns                   0                   0                   0                   0                   0
              900 ns                   0                   0                   0                   0                   0
              910 ns                   0                   0                   0                   0                   0
              920 ns                   0                   0                   0                   0                   0
              930 ns                   0                   0                   0                   0                   0
              940 ns                   0                   0                   0                   0                   0
              950 ns                   0                   0                   0                   0                   0
              960 ns                   0                   0                   0                   0                   0
              970 ns                   0                   0                   0                   0                   0
              980 ns                   0                   0                   0                   0                   0
              990 ns                   0                   0                   0                   0                   0
                1 us                   0                   0                   0                   0                   0
             1010 ns                   0                   0                   0                   0                   0
             1020 ns                   0                   0                   0                   0                   0
             1030 ns                   0                   0                   0                   0                   0
             1040 ns                   0                   0                   0                   0                   0
             1050 ns                   0                   0                   0                   0                   0
             1060 ns                   0                   0                   0                   0                   0
             1070 ns                   0                   0                   0                   0                   0
             1080 ns                   0                   0                   0                   0                   0

Info: /OSCI/SystemC: Simulation stopped by user.
Test passed  !!!
INFO: [SIM 1] CSim done with 0 errors.
INFO: [SIM 3] *************** CSIM finish ***************
