==============================================================
File generated by Vivado(TM) HLS - High-Level Synthesis from C, C++ and SystemC
Version: 2018.1
Copyright (C) 1986-2018 Xilinx, Inc. All Rights Reserved.

==============================================================

INFO: [SYN 201-201] Setting up clock 'default' with a period of 100ns.
INFO: [HLS 200-10] Setting target device to 'xc7z100ffg1156-1'
INFO: [HLS 200-10] Analyzing design file 'sc_NN/sc_NN.cpp' ...
INFO: [HLS 200-10] Validating synthesis directives ...
INFO: [HLS 200-111] Finished Checking Pragmas Time (s): cpu = 00:00:03 ; elapsed = 00:00:59 . Memory (MB): peak = 101.945 ; gain = 44.996
INFO: [HLS 200-111] Finished Linking Time (s): cpu = 00:00:03 ; elapsed = 00:01:02 . Memory (MB): peak = 101.945 ; gain = 44.996
INFO: [HLS 200-10] Starting code transformations ...
INFO: [HLS 200-111] Finished Standard Transforms Time (s): cpu = 00:00:05 ; elapsed = 00:01:05 . Memory (MB): peak = 164.336 ; gain = 107.387
INFO: [HLS 200-10] Checking synthesizability ...
INFO: [HLS 200-111] Finished Checking Synthesizability Time (s): cpu = 00:00:05 ; elapsed = 00:01:05 . Memory (MB): peak = 164.336 ; gain = 107.387
INFO: [XFORM 203-101] Partitioning array 'my_NN.c.V' (sc_NN/sc_NN.h:31) in dimension 1 completely.
INFO: [XFORM 203-101] Partitioning array 'my_NN.w.V' (sc_NN/sc_NN.h:31) in dimension 1 completely.
INFO: [XFORM 203-101] Partitioning array 'my_NN.b.V' (sc_NN/sc_NN.h:31) in dimension 1 completely.
INFO: [XFORM 203-101] Partitioning array 'my_NN.tanh.V' (sc_NN/sc_NN.h:31) in dimension 1 completely.
WARNING: [XFORM 203-104] Completely partitioning array 'my_NN.tanh.V' (sc_NN/sc_NN.h:31) accessed through non-constant indices on dimension 1 (sc_NN/sc_NN.cpp:52:46), which may result in long runtime and suboptimal QoR due to large multiplexers. Please consider wrapping the array access into a function or using a register file core instead.
WARNING: [XFORM 203-104] Completely partitioning array 'my_NN.w.V' (sc_NN/sc_NN.h:31) accessed through non-constant indices on dimension 1 (sc_NN/sc_NN.cpp:40:30), which may result in long runtime and suboptimal QoR due to large multiplexers. Please consider wrapping the array access into a function or using a register file core instead.
INFO: [XFORM 203-401] Performing if-conversion on hyperblock to (sc_NN/sc_NN.cpp:43:4) in function 'my_NN::NN_func'... converting 81 basic blocks.
INFO: [HLS 200-111] Finished Pre-synthesis Time (s): cpu = 00:00:09 ; elapsed = 00:01:09 . Memory (MB): peak = 176.973 ; gain = 120.023
INFO: [HLS 200-111] Finished Architecture Synthesis Time (s): cpu = 00:00:13 ; elapsed = 00:01:13 . Memory (MB): peak = 217.996 ; gain = 161.047
INFO: [HLS 200-10] Starting hardware synthesis ...
INFO: [SCA 200-201] Elaborating SystemC module 'my_NN'.
INFO: [SCA 200-201] Performing SystemC synthesis linting.
INFO: [SCA 200-201] Analyzing ports and processes.
INFO: [SCA 200-201] Found the clock port of process 'my_NN::NN_func': 'CLK'.
INFO: [SCA 200-201] Process 'my_NN::NN_func' has no reset block.
INFO: [SCA 200-201] Process 'my_NN::out_func' has no reset block.
WARNING: [SCA 200-202] Cannot find reset port in module 'my_NN', an RTL reset port will be automatically inserted.
WARNING: [SCA 200-202] Port 'Y0' has no reset.
WARNING: [SCA 200-202] Port 'Y1' has no reset.
WARNING: [SCA 200-202] Signal 'x0' has no reset.
WARNING: [SCA 200-202] Found reading to uninitialized signal/variable 'x0'('val_V_10', 'val.V', sc_NN/sc_NN.cpp:10), the signal/variable should be written or reset firstly, or it may introduce RTL simulation mismatch.
WARNING: [SCA 200-202] Signal 'x1' has no reset.
WARNING: [SCA 200-202] Found reading to uninitialized signal/variable 'x1'('val_V_11', 'val.V', sc_NN/sc_NN.cpp:11), the signal/variable should be written or reset firstly, or it may introduce RTL simulation mismatch.
WARNING: [SCA 200-202] Signal 'x2' has no reset.
WARNING: [SCA 200-202] Found reading to uninitialized signal/variable 'x2'('val_V_12', 'val.V', sc_NN/sc_NN.cpp:12), the signal/variable should be written or reset firstly, or it may introduce RTL simulation mismatch.
WARNING: [SCA 200-202] Signal 'x3' has no reset.
WARNING: [SCA 200-202] Found reading to uninitialized signal/variable 'x3'('val_V_13', 'val.V', sc_NN/sc_NN.cpp:13), the signal/variable should be written or reset firstly, or it may introduce RTL simulation mismatch.
WARNING: [SCA 200-202] Signal 'my_NN_tanh_0_V' has no reset.
WARNING: [SCA 200-202] Signal 'my_NN_tanh_1_V' has no reset.
WARNING: [SCA 200-202] Signal 'my_NN_tanh_2_V' has no reset.
WARNING: [SCA 200-202] Signal 'my_NN_tanh_3_V' has no reset.
WARNING: [SCA 200-202] Signal 'my_NN_tanh_4_V' has no reset.
WARNING: [SCA 200-202] Signal 'my_NN_tanh_5_V' has no reset.
WARNING: [SCA 200-202] Signal 'my_NN_tanh_6_V' has no reset.
WARNING: [SCA 200-202] Signal 'my_NN_tanh_7_V' has no reset.
WARNING: [SCA 200-202] Signal 'my_NN_tanh_8_V' has no reset.
WARNING: [SCA 200-202] Signal 'my_NN_tanh_9_V' has no reset.
WARNING: [SCA 200-202] Signal 'my_NN_tanh_10_V' has no reset.
WARNING: [SCA 200-202] Signal 'my_NN_tanh_11_V' has no reset.
WARNING: [SCA 200-202] Signal 'my_NN_tanh_12_V' has no reset.
WARNING: [SCA 200-202] Signal 'my_NN_tanh_13_V' has no reset.
WARNING: [SCA 200-202] Signal 'my_NN_tanh_14_V' has no reset.
WARNING: [SCA 200-202] Signal 'my_NN_tanh_15_V' has no reset.
WARNING: [SCA 200-202] Signal 'my_NN_tanh_16_V' has no reset.
WARNING: [SCA 200-202] Signal 'my_NN_tanh_17_V' has no reset.
WARNING: [SCA 200-202] Signal 'my_NN_tanh_18_V' has no reset.
WARNING: [SCA 200-202] Signal 'my_NN_tanh_19_V' has no reset.
WARNING: [SCA 200-202] Signal 'my_NN_tanh_20_V' has no reset.
WARNING: [SCA 200-202] Signal 'my_NN_tanh_21_V' has no reset.
WARNING: [SCA 200-202] Signal 'my_NN_tanh_22_V' has no reset.
WARNING: [SCA 200-202] Signal 'my_NN_tanh_23_V' has no reset.
WARNING: [SCA 200-202] Signal 'my_NN_tanh_24_V' has no reset.
WARNING: [SCA 200-202] Signal 'my_NN_tanh_25_V' has no reset.
WARNING: [SCA 200-202] Signal 'my_NN_tanh_26_V' has no reset.
WARNING: [SCA 200-202] Signal 'my_NN_tanh_27_V' has no reset.
WARNING: [SCA 200-202] Signal 'my_NN_tanh_28_V' has no reset.
WARNING: [SCA 200-202] Signal 'my_NN_tanh_29_V' has no reset.
WARNING: [SCA 200-202] Signal 'my_NN_tanh_30_V' has no reset.
WARNING: [SCA 200-202] Signal 'my_NN_tanh_31_V' has no reset.
WARNING: [SCA 200-202] Signal 'my_NN_tanh_32_V' has no reset.
WARNING: [SCA 200-202] Signal 'my_NN_tanh_33_V' has no reset.
WARNING: [SCA 200-202] Signal 'my_NN_tanh_34_V' has no reset.
WARNING: [SCA 200-202] Signal 'my_NN_tanh_35_V' has no reset.
WARNING: [SCA 200-202] Signal 'my_NN_tanh_36_V' has no reset.
WARNING: [SCA 200-202] Signal 'my_NN_tanh_37_V' has no reset.
WARNING: [SCA 200-202] Signal 'my_NN_tanh_38_V' has no reset.
WARNING: [SCA 200-202] Signal 'my_NN_tanh_39_V' has no reset.
WARNING: [SCA 200-202] Signal 'my_NN_tanh_40_V' has no reset.
WARNING: [SCA 200-202] Signal 'my_NN_tanh_41_V' has no reset.
WARNING: [SCA 200-202] Signal 'my_NN_tanh_42_V' has no reset.
WARNING: [SCA 200-202] Signal 'my_NN_tanh_43_V' has no reset.
WARNING: [SCA 200-202] Signal 'my_NN_tanh_44_V' has no reset.
WARNING: [SCA 200-202] Signal 'my_NN_tanh_45_V' has no reset.
WARNING: [SCA 200-202] Signal 'my_NN_tanh_46_V' has no reset.
WARNING: [SCA 200-202] Signal 'my_NN_tanh_47_V' has no reset.
WARNING: [SCA 200-202] Signal 'my_NN_tanh_48_V' has no reset.
WARNING: [SCA 200-202] Signal 'my_NN_tanh_49_V' has no reset.
WARNING: [SCA 200-202] Signal 'my_NN_tanh_50_V' has no reset.
WARNING: [SCA 200-202] Signal 'my_NN_tanh_51_V' has no reset.
WARNING: [SCA 200-202] Signal 'my_NN_tanh_52_V' has no reset.
WARNING: [SCA 200-202] Signal 'my_NN_tanh_53_V' has no reset.
WARNING: [SCA 200-202] Signal 'my_NN_tanh_54_V' has no reset.
WARNING: [SCA 200-202] Signal 'my_NN_tanh_55_V' has no reset.
WARNING: [SCA 200-202] Signal 'my_NN_tanh_56_V' has no reset.
WARNING: [SCA 200-202] Signal 'my_NN_tanh_57_V' has no reset.
WARNING: [SCA 200-202] Signal 'my_NN_tanh_58_V' has no reset.
WARNING: [SCA 200-202] Signal 'my_NN_tanh_59_V' has no reset.
WARNING: [SCA 200-202] Signal 'my_NN_tanh_60_V' has no reset.
WARNING: [SCA 200-202] Signal 'my_NN_tanh_61_V' has no reset.
WARNING: [SCA 200-202] Signal 'my_NN_tanh_62_V' has no reset.
WARNING: [SCA 200-202] Signal 'my_NN_tanh_63_V' has no reset.
WARNING: [SCA 200-202] Signal 'my_NN_tanh_64_V' has no reset.
WARNING: [SCA 200-202] Signal 'my_NN_tanh_65_V' has no reset.
WARNING: [SCA 200-202] Signal 'my_NN_tanh_66_V' has no reset.
WARNING: [SCA 200-202] Signal 'my_NN_tanh_67_V' has no reset.
WARNING: [SCA 200-202] Signal 'my_NN_tanh_68_V' has no reset.
WARNING: [SCA 200-202] Signal 'my_NN_tanh_69_V' has no reset.
WARNING: [SCA 200-202] Signal 'my_NN_tanh_70_V' has no reset.
WARNING: [SCA 200-202] Signal 'my_NN_tanh_71_V' has no reset.
WARNING: [SCA 200-202] Signal 'my_NN_tanh_72_V' has no reset.
WARNING: [SCA 200-202] Signal 'my_NN_tanh_73_V' has no reset.
WARNING: [SCA 200-202] Signal 'my_NN_tanh_74_V' has no reset.
WARNING: [SCA 200-202] Signal 'my_NN_tanh_75_V' has no reset.
WARNING: [SCA 200-202] Signal 'my_NN_tanh_76_V' has no reset.
WARNING: [SCA 200-202] Signal 'my_NN_tanh_77_V' has no reset.
WARNING: [SCA 200-202] Signal 'my_NN_tanh_78_V' has no reset.
WARNING: [SCA 200-202] Signal 'my_NN_tanh_79_V' has no reset.
WARNING: [SCA 200-202] Signal 'my_NN_tanh_80_V' has no reset.
WARNING: [SCA 200-202] Signal 'my_NN_tanh_81_V' has no reset.
WARNING: [SCA 200-202] Signal 'my_NN_tanh_82_V' has no reset.
WARNING: [SCA 200-202] Signal 'my_NN_tanh_83_V' has no reset.
WARNING: [SCA 200-202] Signal 'my_NN_tanh_84_V' has no reset.
WARNING: [SCA 200-202] Signal 'my_NN_tanh_85_V' has no reset.
WARNING: [SCA 200-202] Signal 'my_NN_tanh_86_V' has no reset.
WARNING: [SCA 200-202] Signal 'my_NN_tanh_87_V' has no reset.
WARNING: [SCA 200-202] Signal 'my_NN_tanh_88_V' has no reset.
WARNING: [SCA 200-202] Signal 'my_NN_tanh_89_V' has no reset.
WARNING: [SCA 200-202] Signal 'my_NN_tanh_90_V' has no reset.
WARNING: [SCA 200-202] Signal 'my_NN_tanh_91_V' has no reset.
WARNING: [SCA 200-202] Signal 'my_NN_tanh_92_V' has no reset.
WARNING: [SCA 200-202] Signal 'my_NN_tanh_93_V' has no reset.
WARNING: [SCA 200-202] Signal 'my_NN_tanh_94_V' has no reset.
WARNING: [SCA 200-202] Signal 'my_NN_tanh_95_V' has no reset.
WARNING: [SCA 200-202] Signal 'my_NN_tanh_96_V' has no reset.
WARNING: [SCA 200-202] Signal 'my_NN_tanh_97_V' has no reset.
WARNING: [SCA 200-202] Signal 'my_NN_tanh_98_V' has no reset.
WARNING: [SCA 200-202] Signal 'my_NN_tanh_99_V' has no reset.
WARNING: [SCA 200-202] Signal 'my_NN_tanh_100_V' has no reset.
WARNING: [SCA 200-202] Signal 'my_NN_tanh_101_V' has no reset.
WARNING: [SCA 200-202] Signal 'my_NN_tanh_102_V' has no reset.
WARNING: [SCA 200-202] Signal 'my_NN_tanh_103_V' has no reset.
WARNING: [SCA 200-202] Signal 'my_NN_tanh_104_V' has no reset.
WARNING: [SCA 200-202] Signal 'my_NN_tanh_105_V' has no reset.
WARNING: [SCA 200-202] Signal 'my_NN_tanh_106_V' has no reset.
WARNING: [SCA 200-202] Signal 'my_NN_tanh_107_V' has no reset.
WARNING: [SCA 200-202] Signal 'my_NN_tanh_108_V' has no reset.
WARNING: [SCA 200-202] Signal 'my_NN_tanh_109_V' has no reset.
WARNING: [SCA 200-202] Signal 'my_NN_tanh_110_V' has no reset.
WARNING: [SCA 200-202] Signal 'my_NN_tanh_111_V' has no reset.
WARNING: [SCA 200-202] Signal 'my_NN_tanh_112_V' has no reset.
WARNING: [SCA 200-202] Signal 'my_NN_tanh_113_V' has no reset.
WARNING: [SCA 200-202] Signal 'my_NN_tanh_114_V' has no reset.
WARNING: [SCA 200-202] Signal 'my_NN_tanh_115_V' has no reset.
WARNING: [SCA 200-202] Signal 'my_NN_tanh_116_V' has no reset.
WARNING: [SCA 200-202] Signal 'my_NN_tanh_117_V' has no reset.
WARNING: [SCA 200-202] Signal 'my_NN_tanh_118_V' has no reset.
WARNING: [SCA 200-202] Signal 'my_NN_tanh_119_V' has no reset.
WARNING: [SCA 200-202] Signal 'my_NN_tanh_120_V' has no reset.
WARNING: [SCA 200-202] Signal 'my_NN_tanh_121_V' has no reset.
WARNING: [SCA 200-202] Signal 'my_NN_tanh_122_V' has no reset.
WARNING: [SCA 200-202] Signal 'my_NN_tanh_123_V' has no reset.
WARNING: [SCA 200-202] Signal 'my_NN_tanh_124_V' has no reset.
WARNING: [SCA 200-202] Signal 'my_NN_tanh_125_V' has no reset.
WARNING: [SCA 200-202] Signal 'my_NN_tanh_126_V' has no reset.
WARNING: [SCA 200-202] Signal 'my_NN_tanh_127_V' has no reset.
WARNING: [SCA 200-202] Signal 'my_NN_b_0_V' has no reset.
WARNING: [SCA 200-202] Signal 'my_NN_b_1_V' has no reset.
WARNING: [SCA 200-202] Signal 'my_NN_b_2_V' has no reset.
WARNING: [SCA 200-202] Signal 'my_NN_b_3_V' has no reset.
WARNING: [SCA 200-202] Signal 'my_NN_b_4_V' has no reset.
WARNING: [SCA 200-202] Signal 'my_NN_b_5_V' has no reset.
WARNING: [SCA 200-202] Signal 'my_NN_b_6_V' has no reset.
WARNING: [SCA 200-202] Signal 'my_NN_b_7_V' has no reset.
WARNING: [SCA 200-202] Signal 'my_NN_b_8_V' has no reset.
WARNING: [SCA 200-202] Signal 'my_NN_b_9_V' has no reset.
WARNING: [SCA 200-202] Signal 'my_NN_b_10_V' has no reset.
WARNING: [SCA 200-202] Signal 'my_NN_b_11_V' has no reset.
WARNING: [SCA 200-202] Signal 'my_NN_w_0_V' has no reset.
WARNING: [SCA 200-202] Signal 'my_NN_w_1_V' has no reset.
WARNING: [SCA 200-202] Signal 'my_NN_w_2_V' has no reset.
WARNING: [SCA 200-202] Signal 'my_NN_w_3_V' has no reset.
WARNING: [SCA 200-202] Signal 'my_NN_w_4_V' has no reset.
WARNING: [SCA 200-202] Signal 'my_NN_w_5_V' has no reset.
WARNING: [SCA 200-202] Signal 'my_NN_w_6_V' has no reset.
WARNING: [SCA 200-202] Signal 'my_NN_w_7_V' has no reset.
WARNING: [SCA 200-202] Signal 'my_NN_w_8_V' has no reset.
WARNING: [SCA 200-202] Signal 'my_NN_w_9_V' has no reset.
WARNING: [SCA 200-202] Signal 'my_NN_w_10_V' has no reset.
WARNING: [SCA 200-202] Signal 'my_NN_w_11_V' has no reset.
WARNING: [SCA 200-202] Signal 'my_NN_w_12_V' has no reset.
WARNING: [SCA 200-202] Signal 'my_NN_w_13_V' has no reset.
WARNING: [SCA 200-202] Signal 'my_NN_w_14_V' has no reset.
WARNING: [SCA 200-202] Signal 'my_NN_w_15_V' has no reset.
WARNING: [SCA 200-202] Signal 'my_NN_w_16_V' has no reset.
WARNING: [SCA 200-202] Signal 'my_NN_w_17_V' has no reset.
WARNING: [SCA 200-202] Signal 'my_NN_w_18_V' has no reset.
WARNING: [SCA 200-202] Signal 'my_NN_w_19_V' has no reset.
WARNING: [SCA 200-202] Signal 'my_NN_w_20_V' has no reset.
WARNING: [SCA 200-202] Signal 'my_NN_w_21_V' has no reset.
WARNING: [SCA 200-202] Signal 'my_NN_w_22_V' has no reset.
WARNING: [SCA 200-202] Signal 'my_NN_w_23_V' has no reset.
WARNING: [SCA 200-202] Signal 'my_NN_w_24_V' has no reset.
WARNING: [SCA 200-202] Signal 'my_NN_w_25_V' has no reset.
WARNING: [SCA 200-202] Signal 'my_NN_w_26_V' has no reset.
WARNING: [SCA 200-202] Signal 'my_NN_w_27_V' has no reset.
WARNING: [SCA 200-202] Signal 'my_NN_w_28_V' has no reset.
WARNING: [SCA 200-202] Signal 'my_NN_w_29_V' has no reset.
WARNING: [SCA 200-202] Signal 'my_NN_w_30_V' has no reset.
WARNING: [SCA 200-202] Signal 'my_NN_w_31_V' has no reset.
WARNING: [SCA 200-202] Signal 'my_NN_w_32_V' has no reset.
WARNING: [SCA 200-202] Signal 'my_NN_w_33_V' has no reset.
WARNING: [SCA 200-202] Signal 'my_NN_w_34_V' has no reset.
WARNING: [SCA 200-202] Signal 'my_NN_w_35_V' has no reset.
WARNING: [SCA 200-202] Signal 'my_NN_w_36_V' has no reset.
WARNING: [SCA 200-202] Signal 'my_NN_w_37_V' has no reset.
WARNING: [SCA 200-202] Signal 'my_NN_w_38_V' has no reset.
WARNING: [SCA 200-202] Signal 'my_NN_w_39_V' has no reset.
WARNING: [SCA 200-202] Signal 'my_NN_w_40_V' has no reset.
WARNING: [SCA 200-202] Signal 'my_NN_w_41_V' has no reset.
WARNING: [SCA 200-202] Signal 'my_NN_w_42_V' has no reset.
WARNING: [SCA 200-202] Signal 'my_NN_w_43_V' has no reset.
WARNING: [SCA 200-202] Signal 'my_NN_w_44_V' has no reset.
WARNING: [SCA 200-202] Signal 'my_NN_w_45_V' has no reset.
WARNING: [SCA 200-202] Signal 'my_NN_w_46_V' has no reset.
WARNING: [SCA 200-202] Signal 'my_NN_w_47_V' has no reset.
WARNING: [SCA 200-202] Signal 'my_NN_w_48_V' has no reset.
WARNING: [SCA 200-202] Signal 'my_NN_w_49_V' has no reset.
WARNING: [SCA 200-202] Signal 'my_NN_w_50_V' has no reset.
WARNING: [SCA 200-202] Signal 'my_NN_w_51_V' has no reset.
WARNING: [SCA 200-202] Signal 'my_NN_w_52_V' has no reset.
WARNING: [SCA 200-202] Signal 'my_NN_w_53_V' has no reset.
WARNING: [SCA 200-202] Signal 'my_NN_w_54_V' has no reset.
WARNING: [SCA 200-202] Signal 'my_NN_w_55_V' has no reset.
WARNING: [SCA 200-202] Signal 'my_NN_w_56_V' has no reset.
WARNING: [SCA 200-202] Signal 'my_NN_w_57_V' has no reset.
WARNING: [SCA 200-202] Signal 'my_NN_w_58_V' has no reset.
WARNING: [SCA 200-202] Signal 'my_NN_w_59_V' has no reset.
WARNING: [SCA 200-202] Signal 'my_NN_w_60_V' has no reset.
WARNING: [SCA 200-202] Signal 'my_NN_w_61_V' has no reset.
WARNING: [SCA 200-202] Signal 'my_NN_w_62_V' has no reset.
WARNING: [SCA 200-202] Signal 'my_NN_w_63_V' has no reset.
WARNING: [SCA 200-202] Signal 'my_NN_c_0_V' has no reset.
WARNING: [SCA 200-202] Signal 'my_NN_c_1_V' has no reset.
WARNING: [SCA 200-202] Signal 'my_NN_c_2_V' has no reset.
WARNING: [SCA 200-202] Signal 'my_NN_c_3_V' has no reset.
WARNING: [SCA 200-202] Signal 'my_NN_c_4_V' has no reset.
WARNING: [SCA 200-202] Signal 'my_NN_c_5_V' has no reset.
WARNING: [SCA 200-202] Signal 'my_NN_c_6_V' has no reset.
WARNING: [SCA 200-202] Signal 'my_NN_c_7_V' has no reset.
WARNING: [SCA 200-202] Signal 'my_NN_n_V' has no reset.
WARNING: [SCA 200-202] Found reading to uninitialized signal/variable 'my_NN_n_V'('my_NN_n_V_read', sc_NN/sc_NN.cpp:33), the signal/variable should be written or reset firstly, or it may introduce RTL simulation mismatch.
INFO: [HLS 200-10] Synthesizing SystemC module [ my_NN ]
INFO: [HLS 200-10] Found SystemC process: 'my_NN_NN_func'
INFO: [HLS 200-10] Synthesizing 'my_NN_NN_func' ...
INFO: [HLS 200-10] ----------------------------------------------------------------
INFO: [HLS 200-42] -- Implementing module 'my_NN_NN_func'
INFO: [HLS 200-10] ----------------------------------------------------------------
INFO: [SCHED 204-11] Starting scheduling ...
INFO: [SCHED 204-11] Finished scheduling.
INFO: [HLS 200-111]  Elapsed time: 77.37 seconds; current allocated memory: 169.798 MB.
INFO: [BIND 205-100] Starting micro-architecture generation ...
INFO: [BIND 205-101] Performing variable lifetime analysis.
INFO: [BIND 205-101] Exploring resource sharing.
INFO: [BIND 205-101] Binding ...
INFO: [BIND 205-100] Finished micro-architecture generation.
INFO: [HLS 200-111]  Elapsed time: 1.196 seconds; current allocated memory: 171.577 MB.
INFO: [HLS 200-10] ----------------------------------------------------------------
INFO: [HLS 200-10] -- Generating RTL for module 'my_NN_NN_func'
INFO: [HLS 200-10] ----------------------------------------------------------------
INFO: [SYN 201-210] Renamed object name 'my_NN_mux_1287_18_1_1' to 'my_NN_mux_1287_18bkb' due to the length limit 20
INFO: [SYN 201-210] Renamed object name 'my_NN_mul_mul_18s_18s_36_1_1' to 'my_NN_mul_mul_18scud' due to the length limit 20
INFO: [SYN 201-210] Renamed object name 'my_NN_mac_muladd_18s_18s_36s_37_1_1' to 'my_NN_mac_muladd_dEe' due to the length limit 20
INFO: [SYN 201-210] Renamed object name 'my_NN_mac_muladd_18s_18s_30ns_30_1_1' to 'my_NN_mac_muladd_eOg' due to the length limit 20
INFO: [SYN 201-210] Renamed object name 'my_NN_mac_muladd_18s_18s_30s_30_1_1' to 'my_NN_mac_muladd_fYi' due to the length limit 20
INFO: [SYN 201-210] Renamed object name 'my_NN_mul_mul_18s_18s_30_1_1' to 'my_NN_mul_mul_18sg8j' due to the length limit 20
INFO: [RTGEN 206-100] Generating core module 'my_NN_mac_muladd_dEe': 4 instance(s).
INFO: [RTGEN 206-100] Generating core module 'my_NN_mac_muladd_eOg': 4 instance(s).
INFO: [RTGEN 206-100] Generating core module 'my_NN_mac_muladd_fYi': 16 instance(s).
INFO: [RTGEN 206-100] Generating core module 'my_NN_mul_mul_18scud': 12 instance(s).
INFO: [RTGEN 206-100] Generating core module 'my_NN_mul_mul_18sg8j': 4 instance(s).
INFO: [RTGEN 206-100] Generating core module 'my_NN_mux_1287_18bkb': 4 instance(s).
INFO: [RTGEN 206-100] Finished creating RTL model for 'my_NN_NN_func'.
INFO: [HLS 200-111]  Elapsed time: 1.566 seconds; current allocated memory: 175.491 MB.
INFO: [HLS 200-10] Found SystemC process: 'my_NN_out_func'
INFO: [HLS 200-10] Synthesizing 'my_NN_out_func' ...
INFO: [HLS 200-10] ----------------------------------------------------------------
INFO: [HLS 200-42] -- Implementing module 'my_NN_out_func'
INFO: [HLS 200-10] ----------------------------------------------------------------
INFO: [SCHED 204-11] Starting scheduling ...
WARNING: [SCHED 204-35] Protocol 'SC_METHOD' contains conflicting I/O accesses:
   wire read on port 'x3' (sc_NN/sc_NN.cpp:84) and wire read on port 'x3' (sc_NN/sc_NN.cpp:85) occur in the same clock cycle.
INFO: [SCHED 204-11] Finished scheduling.
INFO: [HLS 200-111]  Elapsed time: 2.087 seconds; current allocated memory: 176.640 MB.
INFO: [BIND 205-100] Starting micro-architecture generation ...
INFO: [BIND 205-101] Performing variable lifetime analysis.
INFO: [BIND 205-101] Exploring resource sharing.
INFO: [BIND 205-101] Binding ...
INFO: [BIND 205-100] Finished micro-architecture generation.
INFO: [HLS 200-111]  Elapsed time: 0.272 seconds; current allocated memory: 177.004 MB.
INFO: [HLS 200-10] ----------------------------------------------------------------
INFO: [HLS 200-10] -- Generating RTL for module 'my_NN_out_func'
INFO: [HLS 200-10] ----------------------------------------------------------------
INFO: [RTGEN 206-100] Generating core module 'my_NN_mac_muladd_fYi': 6 instance(s).
INFO: [RTGEN 206-100] Generating core module 'my_NN_mul_mul_18sg8j': 2 instance(s).
INFO: [RTGEN 206-100] Finished creating RTL model for 'my_NN_out_func'.
INFO: [HLS 200-111]  Elapsed time: 0.228 seconds; current allocated memory: 177.258 MB.
INFO: [HLS 200-10] Synthesizing 'my_NN' ...
INFO: [HLS 200-10] ----------------------------------------------------------------
INFO: [HLS 200-42] -- Implementing module 'my_NN'
INFO: [HLS 200-10] ----------------------------------------------------------------
INFO: [SCHED 204-11] Starting scheduling ...
INFO: [SCHED 204-11] Finished scheduling.
INFO: [HLS 200-111]  Elapsed time: 0.86 seconds; current allocated memory: 178.499 MB.
INFO: [BIND 205-100] Starting micro-architecture generation ...
INFO: [BIND 205-101] Performing variable lifetime analysis.
INFO: [BIND 205-101] Exploring resource sharing.
INFO: [BIND 205-101] Binding ...
INFO: [BIND 205-100] Finished micro-architecture generation.
INFO: [HLS 200-111]  Elapsed time: 0.627 seconds; current allocated memory: 180.038 MB.
INFO: [HLS 200-10] ----------------------------------------------------------------
INFO: [HLS 200-10] -- Generating RTL for module 'my_NN'
INFO: [HLS 200-10] ----------------------------------------------------------------
INFO: [RTGEN 206-500] Setting interface mode on port 'my_NN/U0' to 'ap_none'.
INFO: [RTGEN 206-500] Setting interface mode on port 'my_NN/U1' to 'ap_none'.
INFO: [RTGEN 206-500] Setting interface mode on port 'my_NN/U2' to 'ap_none'.
INFO: [RTGEN 206-500] Setting interface mode on port 'my_NN/CLK' to 'ap_none'.
INFO: [RTGEN 206-500] Setting interface mode on port 'my_NN/Y0' to 'ap_vld'.
INFO: [RTGEN 206-500] Setting interface mode on port 'my_NN/Y1' to 'ap_vld'.
INFO: [RTGEN 206-100] Finished creating RTL model for 'my_NN'.
INFO: [HLS 200-111]  Elapsed time: 0.92 seconds; current allocated memory: 181.354 MB.
INFO: [HLS 200-111] Finished generating all RTL models Time (s): cpu = 00:00:22 ; elapsed = 00:01:29 . Memory (MB): peak = 250.344 ; gain = 193.395
INFO: [SYSC 207-301] Generating SystemC RTL for my_NN.
INFO: [VHDL 208-304] Generating VHDL RTL for my_NN.
INFO: [VLOG 209-307] Generating Verilog RTL for my_NN.
INFO: [HLS 200-112] Total elapsed time: 89.235 seconds; peak allocated memory: 181.354 MB.
